<?xml version="1.0" encoding="UTF-8"?>
<!-- Generated by org.testng.reporters.JUnitXMLReporter -->
<testsuite ignored="2" hostname="DESKTOP-KH3PB7F" failures="0" tests="0" time="0.001" errors="0" timestamp="2025-11-27T21:44:01 IST">
  <testcase classname="org.abhishek.TextCase2" name="fillForm_ErrorValidation" time="0.0">
    <ignored/>
  </testcase> <!-- fillForm_ErrorValidation -->
  <testcase classname="org.abhishek.TextCase2" name="fillForm_PositiveFlow" time="0.0">
    <ignored/>
  </testcase> <!-- fillForm_PositiveFlow -->
</testsuite>
